<?xml version="1.0" encoding="UTF-8"?>
<testng-results ignored="0" total="1" passed="1" failed="0" skipped="0">
  <reporter-output>
  </reporter-output>
  <suite started-at="2023-07-23T17:19:41 IST" name="Surefire suite" finished-at="2023-07-23T17:19:56 IST" duration-ms="15525">
    <groups>
    </groups>
    <test started-at="2023-07-23T17:19:41 IST" name="Surefire test" finished-at="2023-07-23T17:19:56 IST" duration-ms="15525">
      <class name="testCases.TC_BookingPageTest">
        <test-method is-config="true" signature="testSetup()[pri:0, instance:testCases.TC_BookingPageTest@7c0c77c7]" started-at="2023-07-23T17:19:39 IST" name="testSetup" finished-at="2023-07-23T17:19:41 IST" duration-ms="2051" status="PASS">
          <reporter-output>
          </reporter-output>
        </test-method> <!-- testSetup -->
        <test-method is-config="true" signature="launchURL()[pri:0, instance:testCases.TC_BookingPageTest@7c0c77c7]" started-at="2023-07-23T17:19:41 IST" name="launchURL" finished-at="2023-07-23T17:19:45 IST" duration-ms="4002" status="PASS">
          <reporter-output>
          </reporter-output>
        </test-method> <!-- launchURL -->
        <test-method signature="Homepage()[pri:0, instance:testCases.TC_BookingPageTest@7c0c77c7]" started-at="2023-07-23T17:19:45 IST" name="Homepage" finished-at="2023-07-23T17:19:56 IST" duration-ms="11474" status="PASS">
          <reporter-output>
          </reporter-output>
        </test-method> <!-- Homepage -->
        <test-method is-config="true" signature="tearDown()[pri:0, instance:testCases.TC_BookingPageTest@7c0c77c7]" started-at="2023-07-23T17:19:56 IST" name="tearDown" finished-at="2023-07-23T17:19:57 IST" duration-ms="964" status="PASS">
          <reporter-output>
          </reporter-output>
        </test-method> <!-- tearDown -->
      </class> <!-- testCases.TC_BookingPageTest -->
    </test> <!-- Surefire test -->
  </suite> <!-- Surefire suite -->
</testng-results>
